C51 COMPILER V9.57.0.0   BUZZER                                                            12/24/2025 13:59:21 PAGE 1   


C51 COMPILER V9.57.0.0, COMPILATION OF MODULE BUZZER
OBJECT MODULE PLACED IN .\Objects\Buzzer.obj
COMPILER INVOKED BY: E:\UV4\C51\BIN\C51.EXE Buzzer.c OPTIMIZE(8,SPEED) BROWSE DEBUG OBJECTEXTEND PRINT(.\Listings\Buzzer
                    -.lst) TABS(2) OBJECT(.\Objects\Buzzer.obj)

line level    source

   1          #include <REGX52.H>
   2          #include <INTRINS.H>
   3          
   4          //蜂鸣器端口：
   5          sbit Buzzer=P2^5;
   6          
   7          /**
   8            * @brief  蜂鸣器私有延时函数，延时500us
   9            * @param  无
  10            * @retval 无
  11            */
  12          void Buzzer_Delay500us()    //@12.000MHz
  13          {
  14   1        unsigned char i;
  15   1      
  16   1        _nop_();
  17   1        i = 247;
  18   1        while (--i);
  19   1      }
  20          
  21          /**
  22            * @brief  蜂鸣器发声
  23            * @param  ms 发声的时长，范围：0~32767
  24            * @retval 无
  25            */
  26          void Buzzer_Time()
  27          {
  28   1          Buzzer=!Buzzer;
  29   1      }


MODULE INFORMATION:   STATIC OVERLAYABLE
   CODE SIZE        =      9    ----
   CONSTANT SIZE    =   ----    ----
   XDATA SIZE       =   ----    ----
   PDATA SIZE       =   ----    ----
   DATA SIZE        =   ----    ----
   IDATA SIZE       =   ----    ----
   BIT SIZE         =   ----    ----
END OF MODULE INFORMATION.


C51 COMPILATION COMPLETE.  0 WARNING(S),  0 ERROR(S)
