C51 COMPILER V9.57.0.0   UART                                                              12/24/2025 14:43:49 PAGE 1   


C51 COMPILER V9.57.0.0, COMPILATION OF MODULE UART
OBJECT MODULE PLACED IN .\Objects\UART.obj
COMPILER INVOKED BY: E:\UV4\C51\BIN\C51.EXE UART.c OPTIMIZE(8,SPEED) BROWSE DEBUG OBJECTEXTEND PRINT(.\Listings\UART.lst
                    -) TABS(2) OBJECT(.\Objects\UART.obj)

line level    source

   1          #include <REGX52.H>
   2          
   3          /**
   4            * @brief  串口初始化，9600bps@12.000MHz
   5            * @param  无
   6            * @retval 无
   7            */
   8          void UART_Init()
   9          {   
  10   1          SCON = 0x50;
  11   1          PCON &= 0x7F;   // 【重要修改】波特率不加倍 (SMOD=0)
  12   1          TMOD &= 0x0F;
  13   1          TMOD |= 0x20;
  14   1          TL1 = 0xFD;     // 11.0592MHz下，0xFD对应9600bps
  15   1          TH1 = 0xFD;
  16   1          ET1 = 0;
  17   1          TR1 = 1;
  18   1          ES = 1;
  19   1      }
  20          
  21          /**
  22            * @brief  串口发送一个字节数据
  23            * @param  Byte 要发送的一个字节数据
  24            * @retval 无
  25            */
  26          void UART_SendByte(unsigned char Byte)
  27          {
  28   1        SBUF=Byte;
  29   1        while(!TI);
  30   1        TI=0;
  31   1      }
  32          
  33          void UART_SendString(char *str)
  34          {
  35   1          while (*str)
  36   1          {
  37   2              UART_SendByte(*str++);
  38   2          }
  39   1      }


MODULE INFORMATION:   STATIC OVERLAYABLE
   CODE SIZE        =     70    ----
   CONSTANT SIZE    =   ----    ----
   XDATA SIZE       =   ----    ----
   PDATA SIZE       =   ----    ----
   DATA SIZE        =   ----       3
   IDATA SIZE       =   ----    ----
   BIT SIZE         =   ----    ----
END OF MODULE INFORMATION.


C51 COMPILATION COMPLETE.  0 WARNING(S),  0 ERROR(S)
